login_page - INFO - Admin Logged In
login_page_copy - INFO - Admin Logged In
login_page_copy - INFO - Admin Logged In
login_page_copy - INFO - Admin Logged In
login_page_copy - INFO - Admin Logged In
login_page_copy - INFO - Admin Logged In
login_page_copy - INFO - Admin Logged In
admin_logic - INFO - New User Created: leader4
login_page_copy - INFO - Admin Logged In
login_page_copy - INFO - Admin Logged In
admin_logic - INFO - New User Created: leader5
admin_logic - INFO - Changed leader5 to New Username leader6 And New Password 
login_page_copy - INFO - Admin Logged In
login_page_copy - INFO - Admin Logged In
login_page_copy - INFO - Logistics Coordinator Logged In
login_page_copy - INFO - Logistics Coordinator Logged In
login_page_copy - INFO - leader2 Logged In
login_page_copy - INFO - leader2 Logged In
login_page_copy - INFO - leader2 Logged In
login_page_copy - INFO - leader1 Logged In
login_page_copy - INFO - leader2 Logged In
login_page_copy - INFO - leader2 Logged In
login_page_copy - INFO - leader2 Logged In
login_page_copy - INFO - leader2 Logged In
login_page_copy - INFO - leader2 Logged In
login_page_copy - INFO - leader2 Logged In
ScoutLeader - INFO - Leader 'leader2' successfully assigned to camp 'sixteenthcamp'.
ScoutLeader - INFO - Leader 'leader2' successfully assigned to camp 'fourteenthcamp'.
ScoutLeaderTkinter - INFO - Leader 'leader2' tried to assign themself to 'fourteenthcamp' but this camp has been completed.
login_page_copy - INFO - Logistics Coordinator Logged In
login_page_copy - INFO - Logistics Coordinator Logged In
login_page_copy - INFO - leader1 Logged In
login_page_copy - INFO - Logistics Coordinator Logged In
login_page_copy - INFO - Admin Logged In
